{
  "0 debug pnpm:scope": {
    "selected": 1,
    "workspacePrefix": "/Users/wyjie/Codes/big-react"
  },
  "1 error pnpm": {
    "errno": 1,
    "code": "ELIFECYCLE",
    "pkgid": "react@1.0.0",
    "stage": "test",
    "script": "echo \"Error: no test specified\" && exit 1",
    "pkgname": "react",
    "err": {
      "name": "pnpm",
      "message": "react@1.0.0 test: `echo \"Error: no test specified\" && exit 1`\nExit status 1",
      "code": "ELIFECYCLE",
      "stack": "pnpm: react@1.0.0 test: `echo \"Error: no test specified\" && exit 1`\nExit status 1\n    at EventEmitter.<anonymous> (/usr/local/lib/node_modules/pnpm/dist/pnpm.cjs:108610:20)\n    at EventEmitter.emit (node:events:527:28)\n    at ChildProcess.<anonymous> (/usr/local/lib/node_modules/pnpm/dist/pnpm.cjs:95176:18)\n    at ChildProcess.emit (node:events:527:28)\n    at maybeClose (node:internal/child_process:1092:16)\n    at Process.ChildProcess._handle.onexit (node:internal/child_process:302:5)"
    }
  },
  "2 warn pnpm:global": " Local package.json exists, but node_modules missing, did you mean to install?"
}